[debug] [2020-12-14T17:49:18.559Z] ----------------------------------------------------------------------
[debug] [2020-12-14T17:49:18.563Z] Command:       C:\Program Files\nodejs\node.exe C:\Users\rellr\AppData\Roaming\npm\node_modules\firebase-tools\lib\bin\firebase.js login --no-localhost
[debug] [2020-12-14T17:49:18.563Z] CLI Version:   8.19.0
[debug] [2020-12-14T17:49:18.563Z] Platform:      win32
[debug] [2020-12-14T17:49:18.563Z] Node Version:  v15.4.0
[debug] [2020-12-14T17:49:18.573Z] Time:          Mon Dec 14 2020 19:49:18 GMT+0200 (South Africa Standard Time)
[debug] [2020-12-14T17:49:18.573Z] ----------------------------------------------------------------------
[debug] [2020-12-14T17:49:18.573Z] 
[info] i  Firebase optionally collects CLI usage and error reporting information to help improve our products. Data is collected in accordance with Google's privacy policy (https://policies.google.com/privacy) and is not used to identify you.
 
[info] i  To change your data collection preference at any time, run `firebase logout` and log in again. 
[info] 
[info] Visit this URL on any device to log in:
[info] https://accounts.google.com/o/oauth2/auth?client_id=563584335869-fgrhgmd47bqnekij5i8b5pr03ho849e6.apps.googleusercontent.com&scope=email%20openid%20https%3A%2F%2Fwww.googleapis.com%2Fauth%2Fcloudplatformprojects.readonly%20https%3A%2F%2Fwww.googleapis.com%2Fauth%2Ffirebase%20https%3A%2F%2Fwww.googleapis.com%2Fauth%2Fcloud-platform&response_type=code&state=720763921&redirect_uri=urn%3Aietf%3Awg%3Aoauth%3A2.0%3Aoob
[info] 
[debug] [2020-12-14T17:49:22.336Z] Error: spawn cmd ENOENT
    at Process.ChildProcess._handle.onexit (node:internal/child_process:276:19)
    at onErrorNT (node:internal/child_process:476:16)
    at processTicksAndRejections (node:internal/process/task_queues:80:21)
[error] 
[error] Error: An unexpected error has occurred.
[debug] [2020-12-15T07:20:11.644Z] ----------------------------------------------------------------------
[debug] [2020-12-15T07:20:11.649Z] Command:       C:\Program Files\nodejs\node.exe C:\Users\rellr\AppData\Roaming\npm\node_modules\firebase-tools\lib\bin\firebase.js login
[debug] [2020-12-15T07:20:11.650Z] CLI Version:   8.19.0
[debug] [2020-12-15T07:20:11.650Z] Platform:      win32
[debug] [2020-12-15T07:20:11.651Z] Node Version:  v15.4.0
[debug] [2020-12-15T07:20:11.662Z] Time:          Tue Dec 15 2020 09:20:11 GMT+0200 (South Africa Standard Time)
[debug] [2020-12-15T07:20:11.662Z] ----------------------------------------------------------------------
[debug] [2020-12-15T07:20:11.663Z] 
[info] i  Firebase optionally collects CLI usage and error reporting information to help improve our products. Data is collected in accordance with Google's privacy policy (https://policies.google.com/privacy) and is not used to identify you.
 
[info] i  To change your data collection preference at any time, run `firebase logout` and log in again. 
[info] 
[info] Visit this URL on this device to log in:
[info] https://accounts.google.com/o/oauth2/auth?client_id=563584335869-fgrhgmd47bqnekij5i8b5pr03ho849e6.apps.googleusercontent.com&scope=email%20openid%20https%3A%2F%2Fwww.googleapis.com%2Fauth%2Fcloudplatformprojects.readonly%20https%3A%2F%2Fwww.googleapis.com%2Fauth%2Ffirebase%20https%3A%2F%2Fwww.googleapis.com%2Fauth%2Fcloud-platform&response_type=code&state=370728444&redirect_uri=http%3A%2F%2Flocalhost%3A9005
[info] 
[info] Waiting for authentication...
[debug] [2020-12-15T07:20:15.351Z] Error: spawn cmd ENOENT
    at Process.ChildProcess._handle.onexit (node:internal/child_process:276:19)
    at onErrorNT (node:internal/child_process:476:16)
    at processTicksAndRejections (node:internal/process/task_queues:80:21)
[error] 
[error] Error: An unexpected error has occurred.
[debug] [2020-12-15T07:33:07.340Z] ----------------------------------------------------------------------
[debug] [2020-12-15T07:33:07.346Z] Command:       C:\Program Files\nodejs\node.exe C:\Users\rellr\AppData\Roaming\npm\node_modules\firebase-tools\lib\bin\firebase.js login --debug
[debug] [2020-12-15T07:33:07.347Z] CLI Version:   8.19.0
[debug] [2020-12-15T07:33:07.347Z] Platform:      win32
[debug] [2020-12-15T07:33:07.347Z] Node Version:  v15.4.0
[debug] [2020-12-15T07:33:07.349Z] Time:          Tue Dec 15 2020 09:33:07 GMT+0200 (South Africa Standard Time)
[debug] [2020-12-15T07:33:07.349Z] ----------------------------------------------------------------------
[debug] [2020-12-15T07:33:07.349Z] 
[info] i  Firebase optionally collects CLI usage and error reporting information to help improve our products. Data is collected in accordance with Google's privacy policy (https://policies.google.com/privacy) and is not used to identify you.
 
[info] i  To change your data collection preference at any time, run `firebase logout` and log in again. 
[info] 
[info] Visit this URL on this device to log in:
[info] https://accounts.google.com/o/oauth2/auth?client_id=563584335869-fgrhgmd47bqnekij5i8b5pr03ho849e6.apps.googleusercontent.com&scope=email%20openid%20https%3A%2F%2Fwww.googleapis.com%2Fauth%2Fcloudplatformprojects.readonly%20https%3A%2F%2Fwww.googleapis.com%2Fauth%2Ffirebase%20https%3A%2F%2Fwww.googleapis.com%2Fauth%2Fcloud-platform&response_type=code&state=181813368&redirect_uri=http%3A%2F%2Flocalhost%3A9005
[info] 
[info] Waiting for authentication...
[debug] [2020-12-15T07:33:19.248Z] Error: spawn cmd ENOENT
    at Process.ChildProcess._handle.onexit (node:internal/child_process:276:19)
    at onErrorNT (node:internal/child_process:476:16)
    at processTicksAndRejections (node:internal/process/task_queues:80:21)
[error] 
[error] Error: An unexpected error has occurred.
[debug] [2020-12-15T10:33:48.424Z] ----------------------------------------------------------------------
[debug] [2020-12-15T10:33:48.435Z] Command:       C:\Program Files\nodejs\node.exe C:\Users\rellr\AppData\Roaming\npm\node_modules\firebase-tools\lib\bin\firebase.js login --interactive
[debug] [2020-12-15T10:33:48.436Z] CLI Version:   8.19.0
[debug] [2020-12-15T10:33:48.436Z] Platform:      win32
[debug] [2020-12-15T10:33:48.436Z] Node Version:  v15.4.0
[debug] [2020-12-15T10:33:48.456Z] Time:          Tue Dec 15 2020 12:33:48 GMT+0200 (South Africa Standard Time)
[debug] [2020-12-15T10:33:48.456Z] ----------------------------------------------------------------------
[debug] [2020-12-15T10:33:48.456Z] 
[info] i  Firebase optionally collects CLI usage and error reporting information to help improve our products. Data is collected in accordance with Google's privacy policy (https://policies.google.com/privacy) and is not used to identify you.
 
[info] i  To change your data collection preference at any time, run `firebase logout` and log in again. 
[info] 
[info] Visit this URL on this device to log in:
[info] https://accounts.google.com/o/oauth2/auth?client_id=563584335869-fgrhgmd47bqnekij5i8b5pr03ho849e6.apps.googleusercontent.com&scope=email%20openid%20https%3A%2F%2Fwww.googleapis.com%2Fauth%2Fcloudplatformprojects.readonly%20https%3A%2F%2Fwww.googleapis.com%2Fauth%2Ffirebase%20https%3A%2F%2Fwww.googleapis.com%2Fauth%2Fcloud-platform&response_type=code&state=420654955&redirect_uri=http%3A%2F%2Flocalhost%3A9005
[info] 
[info] Waiting for authentication...
[debug] [2020-12-15T10:33:54.721Z] Error: spawn cmd ENOENT
    at Process.ChildProcess._handle.onexit (node:internal/child_process:276:19)
    at onErrorNT (node:internal/child_process:476:16)
    at processTicksAndRejections (node:internal/process/task_queues:80:21)
[error] 
[error] Error: An unexpected error has occurred.
[debug] [2020-12-15T10:38:10.764Z] ----------------------------------------------------------------------
[debug] [2020-12-15T10:38:10.767Z] Command:       C:\Program Files\nodejs\node.exe C:\Users\rellr\AppData\Roaming\npm\node_modules\firebase-tools\lib\bin\firebase.js login --no-localhost
[debug] [2020-12-15T10:38:10.768Z] CLI Version:   8.19.0
[debug] [2020-12-15T10:38:10.768Z] Platform:      win32
[debug] [2020-12-15T10:38:10.768Z] Node Version:  v15.4.0
[debug] [2020-12-15T10:38:10.770Z] Time:          Tue Dec 15 2020 12:38:10 GMT+0200 (South Africa Standard Time)
[debug] [2020-12-15T10:38:10.771Z] ----------------------------------------------------------------------
[debug] [2020-12-15T10:38:10.771Z] 
[info] i  Firebase optionally collects CLI usage and error reporting information to help improve our products. Data is collected in accordance with Google's privacy policy (https://policies.google.com/privacy) and is not used to identify you.
 
[info] i  To change your data collection preference at any time, run `firebase logout` and log in again. 
[info] 
[info] Visit this URL on any device to log in:
[info] https://accounts.google.com/o/oauth2/auth?client_id=563584335869-fgrhgmd47bqnekij5i8b5pr03ho849e6.apps.googleusercontent.com&scope=email%20openid%20https%3A%2F%2Fwww.googleapis.com%2Fauth%2Fcloudplatformprojects.readonly%20https%3A%2F%2Fwww.googleapis.com%2Fauth%2Ffirebase%20https%3A%2F%2Fwww.googleapis.com%2Fauth%2Fcloud-platform&response_type=code&state=636974972&redirect_uri=urn%3Aietf%3Awg%3Aoauth%3A2.0%3Aoob
[info] 
[debug] [2020-12-15T10:38:17.136Z] Error: spawn cmd ENOENT
    at Process.ChildProcess._handle.onexit (node:internal/child_process:276:19)
    at onErrorNT (node:internal/child_process:476:16)
    at processTicksAndRejections (node:internal/process/task_queues:80:21)
[error] 
[error] Error: An unexpected error has occurred.
[debug] [2020-12-15T10:40:10.859Z] ----------------------------------------------------------------------
[debug] [2020-12-15T10:40:10.864Z] Command:       C:\Program Files\nodejs\node.exe C:\Users\rellr\AppData\Roaming\npm\node_modules\firebase-tools\lib\bin\firebase.js login --no-localhost
[debug] [2020-12-15T10:40:10.865Z] CLI Version:   8.19.0
[debug] [2020-12-15T10:40:10.865Z] Platform:      win32
[debug] [2020-12-15T10:40:10.865Z] Node Version:  v15.4.0
[debug] [2020-12-15T10:40:10.868Z] Time:          Tue Dec 15 2020 12:40:10 GMT+0200 (South Africa Standard Time)
[debug] [2020-12-15T10:40:10.868Z] ----------------------------------------------------------------------
[debug] [2020-12-15T10:40:10.868Z] 
[info] i  Firebase optionally collects CLI usage and error reporting information to help improve our products. Data is collected in accordance with Google's privacy policy (https://policies.google.com/privacy) and is not used to identify you.
 
[info] i  To change your data collection preference at any time, run `firebase logout` and log in again. 
[info] 
[info] Visit this URL on any device to log in:
[info] https://accounts.google.com/o/oauth2/auth?client_id=563584335869-fgrhgmd47bqnekij5i8b5pr03ho849e6.apps.googleusercontent.com&scope=email%20openid%20https%3A%2F%2Fwww.googleapis.com%2Fauth%2Fcloudplatformprojects.readonly%20https%3A%2F%2Fwww.googleapis.com%2Fauth%2Ffirebase%20https%3A%2F%2Fwww.googleapis.com%2Fauth%2Fcloud-platform&response_type=code&state=337983374&redirect_uri=urn%3Aietf%3Awg%3Aoauth%3A2.0%3Aoob
[info] 
[debug] [2020-12-15T10:40:16.270Z] Error: spawn cmd ENOENT
    at Process.ChildProcess._handle.onexit (node:internal/child_process:276:19)
    at onErrorNT (node:internal/child_process:476:16)
    at processTicksAndRejections (node:internal/process/task_queues:80:21)
[error] 
[error] Error: An unexpected error has occurred.
[debug] [2020-12-15T10:44:06.050Z] ----------------------------------------------------------------------
[debug] [2020-12-15T10:44:06.052Z] Command:       C:\Program Files\nodejs\node.exe C:\Users\rellr\AppData\Roaming\npm\node_modules\firebase-tools\lib\bin\firebase.js login
[debug] [2020-12-15T10:44:06.053Z] CLI Version:   8.19.0
[debug] [2020-12-15T10:44:06.053Z] Platform:      win32
[debug] [2020-12-15T10:44:06.053Z] Node Version:  v15.4.0
[debug] [2020-12-15T10:44:06.055Z] Time:          Tue Dec 15 2020 12:44:06 GMT+0200 (South Africa Standard Time)
[debug] [2020-12-15T10:44:06.055Z] ----------------------------------------------------------------------
[debug] [2020-12-15T10:44:06.055Z] 
[info] i  Firebase optionally collects CLI usage and error reporting information to help improve our products. Data is collected in accordance with Google's privacy policy (https://policies.google.com/privacy) and is not used to identify you.
 
[info] i  To change your data collection preference at any time, run `firebase logout` and log in again. 
[info] 
[info] Visit this URL on this device to log in:
[info] https://accounts.google.com/o/oauth2/auth?client_id=563584335869-fgrhgmd47bqnekij5i8b5pr03ho849e6.apps.googleusercontent.com&scope=email%20openid%20https%3A%2F%2Fwww.googleapis.com%2Fauth%2Fcloudplatformprojects.readonly%20https%3A%2F%2Fwww.googleapis.com%2Fauth%2Ffirebase%20https%3A%2F%2Fwww.googleapis.com%2Fauth%2Fcloud-platform&response_type=code&state=268863377&redirect_uri=http%3A%2F%2Flocalhost%3A9005
[info] 
[info] Waiting for authentication...
[debug] [2020-12-15T10:44:11.859Z] Error: spawn cmd ENOENT
    at Process.ChildProcess._handle.onexit (node:internal/child_process:276:19)
    at onErrorNT (node:internal/child_process:476:16)
    at processTicksAndRejections (node:internal/process/task_queues:80:21)
[error] 
[error] Error: An unexpected error has occurred.
